[2025-10-07T04:35:10.512+0000] {local_task_job_runner.py:120} INFO - ::group::Pre task execution logs
[2025-10-07T04:35:10.558+0000] {taskinstance.py:2076} INFO - Dependencies all met for dep_context=non-requeueable deps ti=<TaskInstance: sms_spam_pipeline.batch manual__2025-10-07T04:34:45.003302+00:00 [queued]>
[2025-10-07T04:35:10.568+0000] {taskinstance.py:2076} INFO - Dependencies all met for dep_context=requeueable deps ti=<TaskInstance: sms_spam_pipeline.batch manual__2025-10-07T04:34:45.003302+00:00 [queued]>
[2025-10-07T04:35:10.570+0000] {taskinstance.py:2306} INFO - Starting attempt 1 of 1
[2025-10-07T04:35:10.589+0000] {taskinstance.py:2330} INFO - Executing <Task(BashOperator): batch> on 2025-10-07 04:34:45.003302+00:00
[2025-10-07T04:35:10.604+0000] {standard_task_runner.py:63} INFO - Started process 528 to run task
[2025-10-07T04:35:10.610+0000] {standard_task_runner.py:90} INFO - Running: ['***', 'tasks', 'run', 'sms_spam_pipeline', 'batch', 'manual__2025-10-07T04:34:45.003302+00:00', '--job-id', '12', '--raw', '--subdir', 'DAGS_FOLDER/***.py', '--cfg-path', '/tmp/tmpl65p5pfz']
[2025-10-07T04:35:10.614+0000] {standard_task_runner.py:91} INFO - Job 12: Subtask batch
[2025-10-07T04:35:10.694+0000] {task_command.py:426} INFO - Running <TaskInstance: sms_spam_pipeline.batch manual__2025-10-07T04:34:45.003302+00:00 [running]> on host 8e814aeda5b8
[2025-10-07T04:35:10.827+0000] {taskinstance.py:2648} INFO - Exporting env vars: AIRFLOW_CTX_DAG_OWNER='***' AIRFLOW_CTX_DAG_ID='sms_spam_pipeline' AIRFLOW_CTX_TASK_ID='batch' AIRFLOW_CTX_EXECUTION_DATE='2025-10-07T04:34:45.003302+00:00' AIRFLOW_CTX_TRY_NUMBER='1' AIRFLOW_CTX_DAG_RUN_ID='manual__2025-10-07T04:34:45.003302+00:00'
[2025-10-07T04:35:10.829+0000] {taskinstance.py:430} INFO - ::endgroup::
[2025-10-07T04:35:10.844+0000] {subprocess.py:63} INFO - Tmp dir root location: /tmp
[2025-10-07T04:35:10.846+0000] {subprocess.py:75} INFO - Running command: ['/usr/bin/bash', '-c', 'python /opt/***/dags/src/batch_predict.py']
[2025-10-07T04:35:10.866+0000] {subprocess.py:86} INFO - Output:
[2025-10-07T04:35:13.077+0000] {subprocess.py:93} INFO - wrote /opt/***/dags/model/batch_scored.csv
[2025-10-07T04:35:13.347+0000] {subprocess.py:97} INFO - Command exited with return code 0
[2025-10-07T04:35:13.349+0000] {taskinstance.py:441} INFO - ::group::Post task execution logs
[2025-10-07T04:35:13.389+0000] {taskinstance.py:1206} INFO - Marking task as SUCCESS. dag_id=sms_spam_pipeline, task_id=batch, run_id=manual__2025-10-07T04:34:45.003302+00:00, execution_date=20251007T043445, start_date=20251007T043510, end_date=20251007T043513
[2025-10-07T04:35:13.440+0000] {local_task_job_runner.py:240} INFO - Task exited with return code 0
[2025-10-07T04:35:13.470+0000] {taskinstance.py:3503} INFO - 0 downstream tasks scheduled from follow-on schedule check
[2025-10-07T04:35:13.473+0000] {local_task_job_runner.py:222} INFO - ::endgroup::
