[2025-10-07T04:16:59.219+0000] {manager.py:470} INFO - Processing files using up to 2 processes at a time 
[2025-10-07T04:16:59.222+0000] {manager.py:471} INFO - Process each file at most once every 30 seconds
[2025-10-07T04:16:59.224+0000] {manager.py:472} INFO - Checking for new files in /opt/airflow/dags every 300 seconds
[2025-10-07T04:16:59.227+0000] {manager.py:737} INFO - Searching for files in /opt/airflow/dags
[2025-10-07T04:16:59.465+0000] {manager.py:740} INFO - There are 1 files in /opt/airflow/dags
[2025-10-07T04:16:59.632+0000] {manager.py:878} INFO - 
================================================================================
DAG File Processing Stats

File Path                       PID  Runtime      # DAGs    # Errors  Last Runtime    Last Run
----------------------------  -----  ---------  --------  ----------  --------------  ----------
/opt/airflow/dags/airflow.py    172  0.08s             0           0
================================================================================
[2025-10-07T04:17:29.865+0000] {manager.py:878} INFO - 
================================================================================
DAG File Processing Stats

File Path                       PID  Runtime      # DAGs    # Errors  Last Runtime    Last Run
----------------------------  -----  ---------  --------  ----------  --------------  -------------------
/opt/airflow/dags/airflow.py    177  0.01s             1           0  0.24s           2025-10-07T04:16:59
================================================================================
[2025-10-07T04:18:00.188+0000] {manager.py:878} INFO - 
================================================================================
DAG File Processing Stats

File Path                     PID    Runtime      # DAGs    # Errors  Last Runtime    Last Run
----------------------------  -----  ---------  --------  ----------  --------------  -------------------
/opt/airflow/dags/airflow.py                           1           0  0.52s           2025-10-07T04:17:30
================================================================================
[2025-10-07T04:18:30.775+0000] {manager.py:878} INFO - 
================================================================================
DAG File Processing Stats

File Path                     PID    Runtime      # DAGs    # Errors  Last Runtime    Last Run
----------------------------  -----  ---------  --------  ----------  --------------  -------------------
/opt/airflow/dags/airflow.py                           1           0  0.22s           2025-10-07T04:18:00
================================================================================
[2025-10-07T04:19:01.199+0000] {manager.py:878} INFO - 
================================================================================
DAG File Processing Stats

File Path                     PID    Runtime      # DAGs    # Errors  Last Runtime    Last Run
----------------------------  -----  ---------  --------  ----------  --------------  -------------------
/opt/airflow/dags/airflow.py                           1           0  0.21s           2025-10-07T04:18:31
================================================================================
[2025-10-07T04:19:31.616+0000] {manager.py:878} INFO - 
================================================================================
DAG File Processing Stats

File Path                     PID    Runtime      # DAGs    # Errors  Last Runtime    Last Run
----------------------------  -----  ---------  --------  ----------  --------------  -------------------
/opt/airflow/dags/airflow.py                           1           0  0.22s           2025-10-07T04:19:01
================================================================================
[2025-10-07T04:20:02.085+0000] {manager.py:878} INFO - 
================================================================================
DAG File Processing Stats

File Path                       PID  Runtime      # DAGs    # Errors  Last Runtime    Last Run
----------------------------  -----  ---------  --------  ----------  --------------  -------------------
/opt/airflow/dags/airflow.py    202  0.01s             1           0  0.21s           2025-10-07T04:19:32
================================================================================
[2025-10-07T04:20:32.470+0000] {manager.py:878} INFO - 
================================================================================
DAG File Processing Stats

File Path                       PID  Runtime      # DAGs    # Errors  Last Runtime    Last Run
----------------------------  -----  ---------  --------  ----------  --------------  -------------------
/opt/airflow/dags/airflow.py    207  0.01s             1           0  0.23s           2025-10-07T04:20:02
================================================================================
[2025-10-07T04:21:02.687+0000] {manager.py:878} INFO - 
================================================================================
DAG File Processing Stats

File Path                       PID  Runtime      # DAGs    # Errors  Last Runtime    Last Run
----------------------------  -----  ---------  --------  ----------  --------------  -------------------
/opt/airflow/dags/airflow.py    212  0.01s             1           0  0.19s           2025-10-07T04:20:32
================================================================================
[2025-10-07T04:21:33.048+0000] {manager.py:878} INFO - 
================================================================================
DAG File Processing Stats

File Path                       PID  Runtime      # DAGs    # Errors  Last Runtime    Last Run
----------------------------  -----  ---------  --------  ----------  --------------  -------------------
/opt/airflow/dags/airflow.py    217  0.01s             1           0  0.19s           2025-10-07T04:21:02
================================================================================
[2025-10-07T04:21:59.232+0000] {manager.py:737} INFO - Searching for files in /opt/airflow/dags
[2025-10-07T04:21:59.378+0000] {manager.py:740} INFO - There are 1 files in /opt/airflow/dags
[2025-10-07T04:22:03.454+0000] {manager.py:878} INFO - 
================================================================================
DAG File Processing Stats

File Path                       PID  Runtime      # DAGs    # Errors  Last Runtime    Last Run
----------------------------  -----  ---------  --------  ----------  --------------  -------------------
/opt/airflow/dags/airflow.py    222  0.01s             1           0  0.20s           2025-10-07T04:21:33
================================================================================
[2025-10-07T04:22:33.698+0000] {manager.py:878} INFO - 
================================================================================
DAG File Processing Stats

File Path                       PID  Runtime      # DAGs    # Errors  Last Runtime    Last Run
----------------------------  -----  ---------  --------  ----------  --------------  -------------------
/opt/airflow/dags/airflow.py    227  0.01s             1           0  0.20s           2025-10-07T04:22:03
================================================================================
[2025-10-07T04:23:04.115+0000] {manager.py:878} INFO - 
================================================================================
DAG File Processing Stats

File Path                       PID  Runtime      # DAGs    # Errors  Last Runtime    Last Run
----------------------------  -----  ---------  --------  ----------  --------------  -------------------
/opt/airflow/dags/airflow.py    232  0.01s             1           0  0.21s           2025-10-07T04:22:33
================================================================================
[2025-10-07T04:23:34.319+0000] {manager.py:878} INFO - 
================================================================================
DAG File Processing Stats

File Path                     PID    Runtime      # DAGs    # Errors  Last Runtime    Last Run
----------------------------  -----  ---------  --------  ----------  --------------  -------------------
/opt/airflow/dags/airflow.py                           1           0  0.24s           2025-10-07T04:23:04
================================================================================
[2025-10-07T04:24:04.752+0000] {manager.py:878} INFO - 
================================================================================
DAG File Processing Stats

File Path                       PID  Runtime      # DAGs    # Errors  Last Runtime    Last Run
----------------------------  -----  ---------  --------  ----------  --------------  -------------------
/opt/airflow/dags/airflow.py    242  0.01s             1           0  0.18s           2025-10-07T04:23:34
================================================================================
[2025-10-07T04:24:35.100+0000] {manager.py:878} INFO - 
================================================================================
DAG File Processing Stats

File Path                       PID  Runtime      # DAGs    # Errors  Last Runtime    Last Run
----------------------------  -----  ---------  --------  ----------  --------------  -------------------
/opt/airflow/dags/airflow.py    247  0.01s             1           0  0.21s           2025-10-07T04:24:04
================================================================================
[2025-10-07T04:25:05.362+0000] {manager.py:878} INFO - 
================================================================================
DAG File Processing Stats

File Path                       PID  Runtime      # DAGs    # Errors  Last Runtime    Last Run
----------------------------  -----  ---------  --------  ----------  --------------  -------------------
/opt/airflow/dags/airflow.py    252  0.01s             1           0  0.17s           2025-10-07T04:24:35
================================================================================
[2025-10-07T04:25:35.678+0000] {manager.py:878} INFO - 
================================================================================
DAG File Processing Stats

File Path                       PID  Runtime      # DAGs    # Errors  Last Runtime    Last Run
----------------------------  -----  ---------  --------  ----------  --------------  -------------------
/opt/airflow/dags/airflow.py    257  0.01s             1           0  0.18s           2025-10-07T04:25:05
================================================================================
[2025-10-07T04:26:05.942+0000] {manager.py:878} INFO - 
================================================================================
DAG File Processing Stats

File Path                       PID  Runtime      # DAGs    # Errors  Last Runtime    Last Run
----------------------------  -----  ---------  --------  ----------  --------------  -------------------
/opt/airflow/dags/airflow.py    262  0.01s             1           0  0.19s           2025-10-07T04:25:35
================================================================================
[2025-10-07T04:26:36.272+0000] {manager.py:878} INFO - 
================================================================================
DAG File Processing Stats

File Path                       PID  Runtime      # DAGs    # Errors  Last Runtime    Last Run
----------------------------  -----  ---------  --------  ----------  --------------  -------------------
/opt/airflow/dags/airflow.py    267  0.01s             1           0  0.18s           2025-10-07T04:26:06
================================================================================
[2025-10-07T04:26:59.461+0000] {manager.py:737} INFO - Searching for files in /opt/airflow/dags
[2025-10-07T04:26:59.577+0000] {manager.py:740} INFO - There are 1 files in /opt/airflow/dags
[2025-10-07T04:27:06.661+0000] {manager.py:878} INFO - 
================================================================================
DAG File Processing Stats

File Path                       PID  Runtime      # DAGs    # Errors  Last Runtime    Last Run
----------------------------  -----  ---------  --------  ----------  --------------  -------------------
/opt/airflow/dags/airflow.py    272  0.01s             1           0  0.15s           2025-10-07T04:26:36
================================================================================
[2025-10-07T04:27:28.815+0000] {manager.py:452} INFO - Exiting gracefully upon receiving signal 15
[2025-10-07T04:27:48.212+0000] {manager.py:470} INFO - Processing files using up to 2 processes at a time 
[2025-10-07T04:27:48.215+0000] {manager.py:471} INFO - Process each file at most once every 30 seconds
[2025-10-07T04:27:48.217+0000] {manager.py:472} INFO - Checking for new files in /opt/airflow/dags every 300 seconds
[2025-10-07T04:27:48.220+0000] {manager.py:737} INFO - Searching for files in /opt/airflow/dags
[2025-10-07T04:27:48.536+0000] {manager.py:740} INFO - There are 1 files in /opt/airflow/dags
[2025-10-07T04:27:48.680+0000] {manager.py:878} INFO - 
================================================================================
DAG File Processing Stats

File Path                       PID  Runtime      # DAGs    # Errors  Last Runtime    Last Run
----------------------------  -----  ---------  --------  ----------  --------------  ----------
/opt/airflow/dags/airflow.py    172  0.07s             0           0
================================================================================
[2025-10-07T04:28:18.907+0000] {manager.py:878} INFO - 
================================================================================
DAG File Processing Stats

File Path                       PID  Runtime      # DAGs    # Errors  Last Runtime    Last Run
----------------------------  -----  ---------  --------  ----------  --------------  -------------------
/opt/airflow/dags/airflow.py    177  0.01s             1           0  0.23s           2025-10-07T04:27:48
================================================================================
[2025-10-07T04:28:49.243+0000] {manager.py:878} INFO - 
================================================================================
DAG File Processing Stats

File Path                     PID    Runtime      # DAGs    # Errors  Last Runtime    Last Run
----------------------------  -----  ---------  --------  ----------  --------------  -------------------
/opt/airflow/dags/airflow.py                           1           0  0.39s           2025-10-07T04:28:19
================================================================================
[2025-10-07T04:29:19.680+0000] {manager.py:878} INFO - 
================================================================================
DAG File Processing Stats

File Path                     PID    Runtime      # DAGs    # Errors  Last Runtime    Last Run
----------------------------  -----  ---------  --------  ----------  --------------  -------------------
/opt/airflow/dags/airflow.py                           1           0  0.21s           2025-10-07T04:28:49
================================================================================
[2025-10-07T04:29:50.088+0000] {manager.py:878} INFO - 
================================================================================
DAG File Processing Stats

File Path                       PID  Runtime      # DAGs    # Errors  Last Runtime    Last Run
----------------------------  -----  ---------  --------  ----------  --------------  -------------------
/opt/airflow/dags/airflow.py    211  0.01s             1           0  0.18s           2025-10-07T04:29:20
================================================================================
[2025-10-07T04:30:20.536+0000] {manager.py:878} INFO - 
================================================================================
DAG File Processing Stats

File Path                       PID  Runtime      # DAGs    # Errors  Last Runtime    Last Run
----------------------------  -----  ---------  --------  ----------  --------------  -------------------
/opt/airflow/dags/airflow.py    354  0.01s             1           0  0.17s           2025-10-07T04:29:50
================================================================================
[2025-10-07T04:30:50.774+0000] {manager.py:878} INFO - 
================================================================================
DAG File Processing Stats

File Path                       PID  Runtime      # DAGs    # Errors  Last Runtime    Last Run
----------------------------  -----  ---------  --------  ----------  --------------  -------------------
/opt/airflow/dags/airflow.py    359  0.01s             1           0  0.19s           2025-10-07T04:30:20
================================================================================
[2025-10-07T04:31:21.123+0000] {manager.py:878} INFO - 
================================================================================
DAG File Processing Stats

File Path                       PID  Runtime      # DAGs    # Errors  Last Runtime    Last Run
----------------------------  -----  ---------  --------  ----------  --------------  -------------------
/opt/airflow/dags/airflow.py    364  0.01s             1           0  0.18s           2025-10-07T04:30:50
================================================================================
[2025-10-07T04:31:51.360+0000] {manager.py:878} INFO - 
================================================================================
DAG File Processing Stats

File Path                       PID  Runtime      # DAGs    # Errors  Last Runtime    Last Run
----------------------------  -----  ---------  --------  ----------  --------------  -------------------
/opt/airflow/dags/airflow.py    369  0.01s             1           0  0.19s           2025-10-07T04:31:21
================================================================================
[2025-10-07T04:32:21.679+0000] {manager.py:878} INFO - 
================================================================================
DAG File Processing Stats

File Path                       PID  Runtime      # DAGs    # Errors  Last Runtime    Last Run
----------------------------  -----  ---------  --------  ----------  --------------  -------------------
/opt/airflow/dags/airflow.py    374  0.01s             1           0  0.23s           2025-10-07T04:31:51
================================================================================
[2025-10-07T04:32:48.922+0000] {manager.py:737} INFO - Searching for files in /opt/airflow/dags
[2025-10-07T04:32:49.040+0000] {manager.py:740} INFO - There are 1 files in /opt/airflow/dags
[2025-10-07T04:32:52.096+0000] {manager.py:878} INFO - 
================================================================================
DAG File Processing Stats

File Path                       PID  Runtime      # DAGs    # Errors  Last Runtime    Last Run
----------------------------  -----  ---------  --------  ----------  --------------  -------------------
/opt/airflow/dags/airflow.py    379  0.01s             1           0  0.18s           2025-10-07T04:32:21
================================================================================
[2025-10-07T04:33:22.322+0000] {manager.py:878} INFO - 
================================================================================
DAG File Processing Stats

File Path                       PID  Runtime      # DAGs    # Errors  Last Runtime    Last Run
----------------------------  -----  ---------  --------  ----------  --------------  -------------------
/opt/airflow/dags/airflow.py    384  0.01s             1           0  0.19s           2025-10-07T04:32:52
================================================================================
[2025-10-07T04:33:52.681+0000] {manager.py:878} INFO - 
================================================================================
DAG File Processing Stats

File Path                       PID  Runtime      # DAGs    # Errors  Last Runtime    Last Run
----------------------------  -----  ---------  --------  ----------  --------------  -------------------
/opt/airflow/dags/airflow.py    389  0.01s             1           0  0.17s           2025-10-07T04:33:22
================================================================================
[2025-10-07T04:34:22.893+0000] {manager.py:878} INFO - 
================================================================================
DAG File Processing Stats

File Path                     PID    Runtime      # DAGs    # Errors  Last Runtime    Last Run
----------------------------  -----  ---------  --------  ----------  --------------  -------------------
/opt/airflow/dags/airflow.py                           1           0  0.22s           2025-10-07T04:33:52
================================================================================
[2025-10-07T04:34:53.319+0000] {manager.py:878} INFO - 
================================================================================
DAG File Processing Stats

File Path                       PID  Runtime      # DAGs    # Errors  Last Runtime    Last Run
----------------------------  -----  ---------  --------  ----------  --------------  -------------------
/opt/airflow/dags/airflow.py    418  0.01s             1           0  0.19s           2025-10-07T04:34:23
================================================================================
[2025-10-07T04:35:23.701+0000] {manager.py:878} INFO - 
================================================================================
DAG File Processing Stats

File Path                       PID  Runtime      # DAGs    # Errors  Last Runtime    Last Run
----------------------------  -----  ---------  --------  ----------  --------------  -------------------
/opt/airflow/dags/airflow.py    561  0.01s             1           0  0.21s           2025-10-07T04:34:53
================================================================================
[2025-10-07T04:35:53.941+0000] {manager.py:878} INFO - 
================================================================================
DAG File Processing Stats

File Path                       PID  Runtime      # DAGs    # Errors  Last Runtime    Last Run
----------------------------  -----  ---------  --------  ----------  --------------  -------------------
/opt/airflow/dags/airflow.py    566  0.01s             1           0  0.18s           2025-10-07T04:35:23
================================================================================
[2025-10-07T04:36:24.255+0000] {manager.py:878} INFO - 
================================================================================
DAG File Processing Stats

File Path                       PID  Runtime      # DAGs    # Errors  Last Runtime    Last Run
----------------------------  -----  ---------  --------  ----------  --------------  -------------------
/opt/airflow/dags/airflow.py    571  0.01s             1           0  0.19s           2025-10-07T04:35:54
================================================================================
[2025-10-07T04:36:54.513+0000] {manager.py:878} INFO - 
================================================================================
DAG File Processing Stats

File Path                       PID  Runtime      # DAGs    # Errors  Last Runtime    Last Run
----------------------------  -----  ---------  --------  ----------  --------------  -------------------
/opt/airflow/dags/airflow.py    576  0.01s             1           0  0.20s           2025-10-07T04:36:24
================================================================================
[2025-10-07T04:37:24.839+0000] {manager.py:878} INFO - 
================================================================================
DAG File Processing Stats

File Path                       PID  Runtime      # DAGs    # Errors  Last Runtime    Last Run
----------------------------  -----  ---------  --------  ----------  --------------  -------------------
/opt/airflow/dags/airflow.py    581  0.01s             1           0  0.19s           2025-10-07T04:36:54
================================================================================
[2025-10-07T04:37:49.023+0000] {manager.py:737} INFO - Searching for files in /opt/airflow/dags
[2025-10-07T04:37:49.168+0000] {manager.py:740} INFO - There are 1 files in /opt/airflow/dags
[2025-10-07T04:37:55.242+0000] {manager.py:878} INFO - 
================================================================================
DAG File Processing Stats

File Path                       PID  Runtime      # DAGs    # Errors  Last Runtime    Last Run
----------------------------  -----  ---------  --------  ----------  --------------  -------------------
/opt/airflow/dags/airflow.py    586  0.01s             1           0  0.18s           2025-10-07T04:37:25
================================================================================
[2025-10-07T04:38:25.464+0000] {manager.py:878} INFO - 
================================================================================
DAG File Processing Stats

File Path                       PID  Runtime      # DAGs    # Errors  Last Runtime    Last Run
----------------------------  -----  ---------  --------  ----------  --------------  -------------------
/opt/airflow/dags/airflow.py    591  0.01s             1           0  0.17s           2025-10-07T04:37:55
================================================================================
[2025-10-07T04:38:55.816+0000] {manager.py:878} INFO - 
================================================================================
DAG File Processing Stats

File Path                       PID  Runtime      # DAGs    # Errors  Last Runtime    Last Run
----------------------------  -----  ---------  --------  ----------  --------------  -------------------
/opt/airflow/dags/airflow.py    596  0.01s             1           0  0.18s           2025-10-07T04:38:25
================================================================================
[2025-10-07T04:39:26.038+0000] {manager.py:878} INFO - 
================================================================================
DAG File Processing Stats

File Path                       PID  Runtime      # DAGs    # Errors  Last Runtime    Last Run
----------------------------  -----  ---------  --------  ----------  --------------  -------------------
/opt/airflow/dags/airflow.py    601  0.01s             1           0  0.16s           2025-10-07T04:38:55
================================================================================
[2025-10-07T04:39:56.361+0000] {manager.py:878} INFO - 
================================================================================
DAG File Processing Stats

File Path                       PID  Runtime      # DAGs    # Errors  Last Runtime    Last Run
----------------------------  -----  ---------  --------  ----------  --------------  -------------------
/opt/airflow/dags/airflow.py    606  0.01s             1           0  0.18s           2025-10-07T04:39:26
================================================================================
[2025-10-07T04:40:26.613+0000] {manager.py:878} INFO - 
================================================================================
DAG File Processing Stats

File Path                       PID  Runtime      # DAGs    # Errors  Last Runtime    Last Run
----------------------------  -----  ---------  --------  ----------  --------------  -------------------
/opt/airflow/dags/airflow.py    611  0.01s             1           0  0.19s           2025-10-07T04:39:56
================================================================================
[2025-10-07T04:40:56.926+0000] {manager.py:878} INFO - 
================================================================================
DAG File Processing Stats

File Path                       PID  Runtime      # DAGs    # Errors  Last Runtime    Last Run
----------------------------  -----  ---------  --------  ----------  --------------  -------------------
/opt/airflow/dags/airflow.py    616  0.01s             1           0  0.20s           2025-10-07T04:40:26
================================================================================
[2025-10-07T04:41:27.182+0000] {manager.py:878} INFO - 
================================================================================
DAG File Processing Stats

File Path                       PID  Runtime      # DAGs    # Errors  Last Runtime    Last Run
----------------------------  -----  ---------  --------  ----------  --------------  -------------------
/opt/airflow/dags/airflow.py    621  0.01s             1           0  0.17s           2025-10-07T04:40:57
================================================================================
[2025-10-07T04:41:57.474+0000] {manager.py:878} INFO - 
================================================================================
DAG File Processing Stats

File Path                       PID  Runtime      # DAGs    # Errors  Last Runtime    Last Run
----------------------------  -----  ---------  --------  ----------  --------------  -------------------
/opt/airflow/dags/airflow.py    626  0.01s             1           0  0.19s           2025-10-07T04:41:27
================================================================================
[2025-10-07T04:42:27.740+0000] {manager.py:878} INFO - 
================================================================================
DAG File Processing Stats

File Path                       PID  Runtime      # DAGs    # Errors  Last Runtime    Last Run
----------------------------  -----  ---------  --------  ----------  --------------  -------------------
/opt/airflow/dags/airflow.py    631  0.01s             1           0  0.16s           2025-10-07T04:41:57
================================================================================
[2025-10-07T04:42:49.944+0000] {manager.py:737} INFO - Searching for files in /opt/airflow/dags
[2025-10-07T04:42:50.075+0000] {manager.py:740} INFO - There are 1 files in /opt/airflow/dags
[2025-10-07T04:42:58.163+0000] {manager.py:878} INFO - 
================================================================================
DAG File Processing Stats

File Path                       PID  Runtime      # DAGs    # Errors  Last Runtime    Last Run
----------------------------  -----  ---------  --------  ----------  --------------  -------------------
/opt/airflow/dags/airflow.py    636  0.01s             1           0  0.17s           2025-10-07T04:42:27
================================================================================
[2025-10-07T04:43:28.383+0000] {manager.py:878} INFO - 
================================================================================
DAG File Processing Stats

File Path                       PID  Runtime      # DAGs    # Errors  Last Runtime    Last Run
----------------------------  -----  ---------  --------  ----------  --------------  -------------------
/opt/airflow/dags/airflow.py    641  0.01s             1           0  0.18s           2025-10-07T04:42:58
================================================================================
[2025-10-07T04:43:58.770+0000] {manager.py:878} INFO - 
================================================================================
DAG File Processing Stats

File Path                       PID  Runtime      # DAGs    # Errors  Last Runtime    Last Run
----------------------------  -----  ---------  --------  ----------  --------------  -------------------
/opt/airflow/dags/airflow.py    646  0.01s             1           0  0.17s           2025-10-07T04:43:28
================================================================================
[2025-10-07T04:44:28.983+0000] {manager.py:878} INFO - 
================================================================================
DAG File Processing Stats

File Path                     PID    Runtime      # DAGs    # Errors  Last Runtime    Last Run
----------------------------  -----  ---------  --------  ----------  --------------  -------------------
/opt/airflow/dags/airflow.py                           1           0  0.33s           2025-10-07T04:43:59
================================================================================
[2025-10-07T04:44:59.495+0000] {manager.py:878} INFO - 
================================================================================
DAG File Processing Stats

File Path                       PID  Runtime      # DAGs    # Errors  Last Runtime    Last Run
----------------------------  -----  ---------  --------  ----------  --------------  -------------------
/opt/airflow/dags/airflow.py    656  0.01s             1           0  0.18s           2025-10-07T04:44:29
================================================================================
[2025-10-07T04:45:29.870+0000] {manager.py:878} INFO - 
================================================================================
DAG File Processing Stats

File Path                       PID  Runtime      # DAGs    # Errors  Last Runtime    Last Run
----------------------------  -----  ---------  --------  ----------  --------------  -------------------
/opt/airflow/dags/airflow.py    661  0.01s             1           0  0.17s           2025-10-07T04:44:59
================================================================================
[2025-10-07T04:46:00.102+0000] {manager.py:878} INFO - 
================================================================================
DAG File Processing Stats

File Path                       PID  Runtime      # DAGs    # Errors  Last Runtime    Last Run
----------------------------  -----  ---------  --------  ----------  --------------  -------------------
/opt/airflow/dags/airflow.py    666  0.01s             1           0  0.17s           2025-10-07T04:45:30
================================================================================
[2025-10-07T04:46:30.410+0000] {manager.py:878} INFO - 
================================================================================
DAG File Processing Stats

File Path                       PID  Runtime      # DAGs    # Errors  Last Runtime    Last Run
----------------------------  -----  ---------  --------  ----------  --------------  -------------------
/opt/airflow/dags/airflow.py    671  0.01s             1           0  0.17s           2025-10-07T04:46:00
================================================================================
[2025-10-07T04:47:00.638+0000] {manager.py:878} INFO - 
================================================================================
DAG File Processing Stats

File Path                       PID  Runtime      # DAGs    # Errors  Last Runtime    Last Run
----------------------------  -----  ---------  --------  ----------  --------------  -------------------
/opt/airflow/dags/airflow.py    676  0.01s             1           0  0.17s           2025-10-07T04:46:30
================================================================================
[2025-10-07T04:47:30.970+0000] {manager.py:878} INFO - 
================================================================================
DAG File Processing Stats

File Path                       PID  Runtime      # DAGs    # Errors  Last Runtime    Last Run
----------------------------  -----  ---------  --------  ----------  --------------  -------------------
/opt/airflow/dags/airflow.py    681  0.01s             1           0  0.19s           2025-10-07T04:47:00
================================================================================
[2025-10-07T04:47:50.116+0000] {manager.py:737} INFO - Searching for files in /opt/airflow/dags
[2025-10-07T04:47:50.246+0000] {manager.py:740} INFO - There are 1 files in /opt/airflow/dags
[2025-10-07T04:48:01.354+0000] {manager.py:878} INFO - 
================================================================================
DAG File Processing Stats

File Path                       PID  Runtime      # DAGs    # Errors  Last Runtime    Last Run
----------------------------  -----  ---------  --------  ----------  --------------  -------------------
/opt/airflow/dags/airflow.py    686  0.01s             1           0  0.19s           2025-10-07T04:47:31
================================================================================
[2025-10-07T04:48:31.561+0000] {manager.py:878} INFO - 
================================================================================
DAG File Processing Stats

File Path                     PID    Runtime      # DAGs    # Errors  Last Runtime    Last Run
----------------------------  -----  ---------  --------  ----------  --------------  -------------------
/opt/airflow/dags/airflow.py                           1           0  0.23s           2025-10-07T04:48:01
================================================================================
[2025-10-07T04:49:01.997+0000] {manager.py:878} INFO - 
================================================================================
DAG File Processing Stats

File Path                       PID  Runtime      # DAGs    # Errors  Last Runtime    Last Run
----------------------------  -----  ---------  --------  ----------  --------------  -------------------
/opt/airflow/dags/airflow.py    696  0.01s             1           0  0.20s           2025-10-07T04:48:31
================================================================================
[2025-10-07T04:49:32.370+0000] {manager.py:878} INFO - 
================================================================================
DAG File Processing Stats

File Path                       PID  Runtime      # DAGs    # Errors  Last Runtime    Last Run
----------------------------  -----  ---------  --------  ----------  --------------  -------------------
/opt/airflow/dags/airflow.py    701  0.01s             1           0  0.17s           2025-10-07T04:49:02
================================================================================
[2025-10-07T04:50:02.591+0000] {manager.py:878} INFO - 
================================================================================
DAG File Processing Stats

File Path                       PID  Runtime      # DAGs    # Errors  Last Runtime    Last Run
----------------------------  -----  ---------  --------  ----------  --------------  -------------------
/opt/airflow/dags/airflow.py    706  0.01s             1           0  0.18s           2025-10-07T04:49:32
================================================================================
[2025-10-07T04:50:32.937+0000] {manager.py:878} INFO - 
================================================================================
DAG File Processing Stats

File Path                       PID  Runtime      # DAGs    # Errors  Last Runtime    Last Run
----------------------------  -----  ---------  --------  ----------  --------------  -------------------
/opt/airflow/dags/airflow.py    711  0.01s             1           0  0.18s           2025-10-07T04:50:02
================================================================================
[2025-10-07T04:51:03.199+0000] {manager.py:878} INFO - 
================================================================================
DAG File Processing Stats

File Path                       PID  Runtime      # DAGs    # Errors  Last Runtime    Last Run
----------------------------  -----  ---------  --------  ----------  --------------  -------------------
/opt/airflow/dags/airflow.py    716  0.01s             1           0  0.17s           2025-10-07T04:50:33
================================================================================
[2025-10-07T04:51:33.501+0000] {manager.py:878} INFO - 
================================================================================
DAG File Processing Stats

File Path                       PID  Runtime      # DAGs    # Errors  Last Runtime    Last Run
----------------------------  -----  ---------  --------  ----------  --------------  -------------------
/opt/airflow/dags/airflow.py    721  0.01s             1           0  0.19s           2025-10-07T04:51:03
================================================================================
