[2025-10-07T04:35:06.841+0000] {local_task_job_runner.py:120} INFO - ::group::Pre task execution logs
[2025-10-07T04:35:06.899+0000] {taskinstance.py:2076} INFO - Dependencies all met for dep_context=non-requeueable deps ti=<TaskInstance: sms_spam_pipeline.evaluate manual__2025-10-07T04:34:45.003302+00:00 [queued]>
[2025-10-07T04:35:06.914+0000] {taskinstance.py:2076} INFO - Dependencies all met for dep_context=requeueable deps ti=<TaskInstance: sms_spam_pipeline.evaluate manual__2025-10-07T04:34:45.003302+00:00 [queued]>
[2025-10-07T04:35:06.915+0000] {taskinstance.py:2306} INFO - Starting attempt 1 of 1
[2025-10-07T04:35:06.933+0000] {taskinstance.py:2330} INFO - Executing <Task(BashOperator): evaluate> on 2025-10-07 04:34:45.003302+00:00
[2025-10-07T04:35:06.943+0000] {standard_task_runner.py:63} INFO - Started process 486 to run task
[2025-10-07T04:35:06.948+0000] {standard_task_runner.py:90} INFO - Running: ['***', 'tasks', 'run', 'sms_spam_pipeline', 'evaluate', 'manual__2025-10-07T04:34:45.003302+00:00', '--job-id', '11', '--raw', '--subdir', 'DAGS_FOLDER/***.py', '--cfg-path', '/tmp/tmptzu6k1i1']
[2025-10-07T04:35:06.952+0000] {standard_task_runner.py:91} INFO - Job 11: Subtask evaluate
[2025-10-07T04:35:07.038+0000] {task_command.py:426} INFO - Running <TaskInstance: sms_spam_pipeline.evaluate manual__2025-10-07T04:34:45.003302+00:00 [running]> on host 8e814aeda5b8
[2025-10-07T04:35:07.172+0000] {taskinstance.py:2648} INFO - Exporting env vars: AIRFLOW_CTX_DAG_OWNER='***' AIRFLOW_CTX_DAG_ID='sms_spam_pipeline' AIRFLOW_CTX_TASK_ID='evaluate' AIRFLOW_CTX_EXECUTION_DATE='2025-10-07T04:34:45.003302+00:00' AIRFLOW_CTX_TRY_NUMBER='1' AIRFLOW_CTX_DAG_RUN_ID='manual__2025-10-07T04:34:45.003302+00:00'
[2025-10-07T04:35:07.176+0000] {taskinstance.py:430} INFO - ::endgroup::
[2025-10-07T04:35:07.192+0000] {subprocess.py:63} INFO - Tmp dir root location: /tmp
[2025-10-07T04:35:07.194+0000] {subprocess.py:75} INFO - Running command: ['/usr/bin/bash', '-c', 'python /opt/***/dags/src/eval.py']
[2025-10-07T04:35:07.214+0000] {subprocess.py:86} INFO - Output:
[2025-10-07T04:35:09.169+0000] {subprocess.py:93} INFO -               precision    recall  f1-score   support
[2025-10-07T04:35:09.170+0000] {subprocess.py:93} INFO - 
[2025-10-07T04:35:09.171+0000] {subprocess.py:93} INFO -            0     0.9718    1.0000    0.9857       966
[2025-10-07T04:35:09.172+0000] {subprocess.py:93} INFO -            1     1.0000    0.8121    0.8963       149
[2025-10-07T04:35:09.173+0000] {subprocess.py:93} INFO - 
[2025-10-07T04:35:09.175+0000] {subprocess.py:93} INFO -     accuracy                         0.9749      1115
[2025-10-07T04:35:09.176+0000] {subprocess.py:93} INFO -    macro avg     0.9859    0.9060    0.9410      1115
[2025-10-07T04:35:09.177+0000] {subprocess.py:93} INFO - weighted avg     0.9756    0.9749    0.9738      1115
[2025-10-07T04:35:09.178+0000] {subprocess.py:93} INFO - 
[2025-10-07T04:35:09.179+0000] {subprocess.py:93} INFO - ROC AUC: 0.9908013395028277
[2025-10-07T04:35:09.419+0000] {subprocess.py:97} INFO - Command exited with return code 0
[2025-10-07T04:35:09.420+0000] {taskinstance.py:441} INFO - ::group::Post task execution logs
[2025-10-07T04:35:09.467+0000] {taskinstance.py:1206} INFO - Marking task as SUCCESS. dag_id=sms_spam_pipeline, task_id=evaluate, run_id=manual__2025-10-07T04:34:45.003302+00:00, execution_date=20251007T043445, start_date=20251007T043506, end_date=20251007T043509
[2025-10-07T04:35:09.541+0000] {local_task_job_runner.py:240} INFO - Task exited with return code 0
[2025-10-07T04:35:09.573+0000] {taskinstance.py:3503} INFO - 1 downstream tasks scheduled from follow-on schedule check
[2025-10-07T04:35:09.576+0000] {local_task_job_runner.py:222} INFO - ::endgroup::
