[2025-10-07T04:29:59.029+0000] {local_task_job_runner.py:120} INFO - ::group::Pre task execution logs
[2025-10-07T04:29:59.072+0000] {taskinstance.py:2076} INFO - Dependencies all met for dep_context=non-requeueable deps ti=<TaskInstance: sms_spam_pipeline.evaluate scheduled__2025-10-06T00:00:00+00:00 [queued]>
[2025-10-07T04:29:59.083+0000] {taskinstance.py:2076} INFO - Dependencies all met for dep_context=requeueable deps ti=<TaskInstance: sms_spam_pipeline.evaluate scheduled__2025-10-06T00:00:00+00:00 [queued]>
[2025-10-07T04:29:59.085+0000] {taskinstance.py:2306} INFO - Starting attempt 1 of 1
[2025-10-07T04:29:59.099+0000] {taskinstance.py:2330} INFO - Executing <Task(BashOperator): evaluate> on 2025-10-06 00:00:00+00:00
[2025-10-07T04:29:59.106+0000] {standard_task_runner.py:63} INFO - Started process 279 to run task
[2025-10-07T04:29:59.111+0000] {standard_task_runner.py:90} INFO - Running: ['***', 'tasks', 'run', 'sms_spam_pipeline', 'evaluate', 'scheduled__2025-10-06T00:00:00+00:00', '--job-id', '6', '--raw', '--subdir', 'DAGS_FOLDER/***.py', '--cfg-path', '/tmp/tmp764d18a8']
[2025-10-07T04:29:59.115+0000] {standard_task_runner.py:91} INFO - Job 6: Subtask evaluate
[2025-10-07T04:29:59.188+0000] {task_command.py:426} INFO - Running <TaskInstance: sms_spam_pipeline.evaluate scheduled__2025-10-06T00:00:00+00:00 [running]> on host 8e814aeda5b8
[2025-10-07T04:29:59.297+0000] {taskinstance.py:2648} INFO - Exporting env vars: AIRFLOW_CTX_DAG_OWNER='***' AIRFLOW_CTX_DAG_ID='sms_spam_pipeline' AIRFLOW_CTX_TASK_ID='evaluate' AIRFLOW_CTX_EXECUTION_DATE='2025-10-06T00:00:00+00:00' AIRFLOW_CTX_TRY_NUMBER='1' AIRFLOW_CTX_DAG_RUN_ID='scheduled__2025-10-06T00:00:00+00:00'
[2025-10-07T04:29:59.298+0000] {taskinstance.py:430} INFO - ::endgroup::
[2025-10-07T04:29:59.311+0000] {subprocess.py:63} INFO - Tmp dir root location: /tmp
[2025-10-07T04:29:59.313+0000] {subprocess.py:75} INFO - Running command: ['/usr/bin/bash', '-c', 'python /opt/***/dags/src/eval.py']
[2025-10-07T04:29:59.333+0000] {subprocess.py:86} INFO - Output:
[2025-10-07T04:30:01.669+0000] {subprocess.py:93} INFO -               precision    recall  f1-score   support
[2025-10-07T04:30:01.670+0000] {subprocess.py:93} INFO - 
[2025-10-07T04:30:01.671+0000] {subprocess.py:93} INFO -            0     0.9718    1.0000    0.9857       966
[2025-10-07T04:30:01.672+0000] {subprocess.py:93} INFO -            1     1.0000    0.8121    0.8963       149
[2025-10-07T04:30:01.673+0000] {subprocess.py:93} INFO - 
[2025-10-07T04:30:01.674+0000] {subprocess.py:93} INFO -     accuracy                         0.9749      1115
[2025-10-07T04:30:01.675+0000] {subprocess.py:93} INFO -    macro avg     0.9859    0.9060    0.9410      1115
[2025-10-07T04:30:01.676+0000] {subprocess.py:93} INFO - weighted avg     0.9756    0.9749    0.9738      1115
[2025-10-07T04:30:01.677+0000] {subprocess.py:93} INFO - 
[2025-10-07T04:30:01.678+0000] {subprocess.py:93} INFO - ROC AUC: 0.9908013395028277
[2025-10-07T04:30:01.946+0000] {subprocess.py:97} INFO - Command exited with return code 0
[2025-10-07T04:30:01.947+0000] {taskinstance.py:441} INFO - ::group::Post task execution logs
[2025-10-07T04:30:01.988+0000] {taskinstance.py:1206} INFO - Marking task as SUCCESS. dag_id=sms_spam_pipeline, task_id=evaluate, run_id=scheduled__2025-10-06T00:00:00+00:00, execution_date=20251006T000000, start_date=20251007T042959, end_date=20251007T043001
[2025-10-07T04:30:02.062+0000] {local_task_job_runner.py:240} INFO - Task exited with return code 0
[2025-10-07T04:30:02.097+0000] {taskinstance.py:3503} INFO - 1 downstream tasks scheduled from follow-on schedule check
[2025-10-07T04:30:02.101+0000] {local_task_job_runner.py:222} INFO - ::endgroup::
