[2025-10-07T04:29:52.750+0000] {local_task_job_runner.py:120} INFO - ::group::Pre task execution logs
[2025-10-07T04:29:52.792+0000] {taskinstance.py:2076} INFO - Dependencies all met for dep_context=non-requeueable deps ti=<TaskInstance: sms_spam_pipeline.train scheduled__2025-10-06T00:00:00+00:00 [queued]>
[2025-10-07T04:29:52.805+0000] {taskinstance.py:2076} INFO - Dependencies all met for dep_context=requeueable deps ti=<TaskInstance: sms_spam_pipeline.train scheduled__2025-10-06T00:00:00+00:00 [queued]>
[2025-10-07T04:29:52.807+0000] {taskinstance.py:2306} INFO - Starting attempt 1 of 1
[2025-10-07T04:29:52.823+0000] {taskinstance.py:2330} INFO - Executing <Task(BashOperator): train> on 2025-10-06 00:00:00+00:00
[2025-10-07T04:29:52.831+0000] {standard_task_runner.py:63} INFO - Started process 237 to run task
[2025-10-07T04:29:52.836+0000] {standard_task_runner.py:90} INFO - Running: ['***', 'tasks', 'run', 'sms_spam_pipeline', 'train', 'scheduled__2025-10-06T00:00:00+00:00', '--job-id', '5', '--raw', '--subdir', 'DAGS_FOLDER/***.py', '--cfg-path', '/tmp/tmpc_q0tyn7']
[2025-10-07T04:29:52.839+0000] {standard_task_runner.py:91} INFO - Job 5: Subtask train
[2025-10-07T04:29:52.908+0000] {task_command.py:426} INFO - Running <TaskInstance: sms_spam_pipeline.train scheduled__2025-10-06T00:00:00+00:00 [running]> on host 8e814aeda5b8
[2025-10-07T04:29:53.016+0000] {taskinstance.py:2648} INFO - Exporting env vars: AIRFLOW_CTX_DAG_OWNER='***' AIRFLOW_CTX_DAG_ID='sms_spam_pipeline' AIRFLOW_CTX_TASK_ID='train' AIRFLOW_CTX_EXECUTION_DATE='2025-10-06T00:00:00+00:00' AIRFLOW_CTX_TRY_NUMBER='1' AIRFLOW_CTX_DAG_RUN_ID='scheduled__2025-10-06T00:00:00+00:00'
[2025-10-07T04:29:53.017+0000] {taskinstance.py:430} INFO - ::endgroup::
[2025-10-07T04:29:53.031+0000] {subprocess.py:63} INFO - Tmp dir root location: /tmp
[2025-10-07T04:29:53.032+0000] {subprocess.py:75} INFO - Running command: ['/usr/bin/bash', '-c', 'python /opt/***/dags/src/train.py']
[2025-10-07T04:29:53.048+0000] {subprocess.py:86} INFO - Output:
[2025-10-07T04:29:57.807+0000] {subprocess.py:93} INFO - model saved
[2025-10-07T04:29:58.150+0000] {subprocess.py:97} INFO - Command exited with return code 0
[2025-10-07T04:29:58.152+0000] {taskinstance.py:441} INFO - ::group::Post task execution logs
[2025-10-07T04:29:58.193+0000] {taskinstance.py:1206} INFO - Marking task as SUCCESS. dag_id=sms_spam_pipeline, task_id=train, run_id=scheduled__2025-10-06T00:00:00+00:00, execution_date=20251006T000000, start_date=20251007T042952, end_date=20251007T042958
[2025-10-07T04:29:58.242+0000] {local_task_job_runner.py:240} INFO - Task exited with return code 0
[2025-10-07T04:29:58.280+0000] {taskinstance.py:3503} INFO - 1 downstream tasks scheduled from follow-on schedule check
[2025-10-07T04:29:58.284+0000] {local_task_job_runner.py:222} INFO - ::endgroup::
