[2025-10-07T04:35:01.445+0000] {local_task_job_runner.py:120} INFO - ::group::Pre task execution logs
[2025-10-07T04:35:01.483+0000] {taskinstance.py:2076} INFO - Dependencies all met for dep_context=non-requeueable deps ti=<TaskInstance: sms_spam_pipeline.train manual__2025-10-07T04:34:45.003302+00:00 [queued]>
[2025-10-07T04:35:01.492+0000] {taskinstance.py:2076} INFO - Dependencies all met for dep_context=requeueable deps ti=<TaskInstance: sms_spam_pipeline.train manual__2025-10-07T04:34:45.003302+00:00 [queued]>
[2025-10-07T04:35:01.493+0000] {taskinstance.py:2306} INFO - Starting attempt 1 of 1
[2025-10-07T04:35:01.508+0000] {taskinstance.py:2330} INFO - Executing <Task(BashOperator): train> on 2025-10-07 04:34:45.003302+00:00
[2025-10-07T04:35:01.516+0000] {standard_task_runner.py:63} INFO - Started process 444 to run task
[2025-10-07T04:35:01.520+0000] {standard_task_runner.py:90} INFO - Running: ['***', 'tasks', 'run', 'sms_spam_pipeline', 'train', 'manual__2025-10-07T04:34:45.003302+00:00', '--job-id', '10', '--raw', '--subdir', 'DAGS_FOLDER/***.py', '--cfg-path', '/tmp/tmphar15w3t']
[2025-10-07T04:35:01.523+0000] {standard_task_runner.py:91} INFO - Job 10: Subtask train
[2025-10-07T04:35:01.591+0000] {task_command.py:426} INFO - Running <TaskInstance: sms_spam_pipeline.train manual__2025-10-07T04:34:45.003302+00:00 [running]> on host 8e814aeda5b8
[2025-10-07T04:35:01.697+0000] {taskinstance.py:2648} INFO - Exporting env vars: AIRFLOW_CTX_DAG_OWNER='***' AIRFLOW_CTX_DAG_ID='sms_spam_pipeline' AIRFLOW_CTX_TASK_ID='train' AIRFLOW_CTX_EXECUTION_DATE='2025-10-07T04:34:45.003302+00:00' AIRFLOW_CTX_TRY_NUMBER='1' AIRFLOW_CTX_DAG_RUN_ID='manual__2025-10-07T04:34:45.003302+00:00'
[2025-10-07T04:35:01.700+0000] {taskinstance.py:430} INFO - ::endgroup::
[2025-10-07T04:35:01.713+0000] {subprocess.py:63} INFO - Tmp dir root location: /tmp
[2025-10-07T04:35:01.715+0000] {subprocess.py:75} INFO - Running command: ['/usr/bin/bash', '-c', 'python /opt/***/dags/src/train.py']
[2025-10-07T04:35:01.731+0000] {subprocess.py:86} INFO - Output:
[2025-10-07T04:35:05.369+0000] {subprocess.py:93} INFO - model saved
[2025-10-07T04:35:05.584+0000] {subprocess.py:97} INFO - Command exited with return code 0
[2025-10-07T04:35:05.586+0000] {taskinstance.py:441} INFO - ::group::Post task execution logs
[2025-10-07T04:35:05.622+0000] {taskinstance.py:1206} INFO - Marking task as SUCCESS. dag_id=sms_spam_pipeline, task_id=train, run_id=manual__2025-10-07T04:34:45.003302+00:00, execution_date=20251007T043445, start_date=20251007T043501, end_date=20251007T043505
[2025-10-07T04:35:05.659+0000] {local_task_job_runner.py:240} INFO - Task exited with return code 0
[2025-10-07T04:35:05.691+0000] {taskinstance.py:3503} INFO - 1 downstream tasks scheduled from follow-on schedule check
[2025-10-07T04:35:05.694+0000] {local_task_job_runner.py:222} INFO - ::endgroup::
