[2025-10-07T04:30:02.965+0000] {local_task_job_runner.py:120} INFO - ::group::Pre task execution logs
[2025-10-07T04:30:03.062+0000] {taskinstance.py:2076} INFO - Dependencies all met for dep_context=non-requeueable deps ti=<TaskInstance: sms_spam_pipeline.batch scheduled__2025-10-06T00:00:00+00:00 [queued]>
[2025-10-07T04:30:03.087+0000] {taskinstance.py:2076} INFO - Dependencies all met for dep_context=requeueable deps ti=<TaskInstance: sms_spam_pipeline.batch scheduled__2025-10-06T00:00:00+00:00 [queued]>
[2025-10-07T04:30:03.090+0000] {taskinstance.py:2306} INFO - Starting attempt 1 of 1
[2025-10-07T04:30:03.114+0000] {taskinstance.py:2330} INFO - Executing <Task(BashOperator): batch> on 2025-10-06 00:00:00+00:00
[2025-10-07T04:30:03.126+0000] {standard_task_runner.py:63} INFO - Started process 321 to run task
[2025-10-07T04:30:03.133+0000] {standard_task_runner.py:90} INFO - Running: ['***', 'tasks', 'run', 'sms_spam_pipeline', 'batch', 'scheduled__2025-10-06T00:00:00+00:00', '--job-id', '7', '--raw', '--subdir', 'DAGS_FOLDER/***.py', '--cfg-path', '/tmp/tmpdl49lo9x']
[2025-10-07T04:30:03.136+0000] {standard_task_runner.py:91} INFO - Job 7: Subtask batch
[2025-10-07T04:30:03.221+0000] {task_command.py:426} INFO - Running <TaskInstance: sms_spam_pipeline.batch scheduled__2025-10-06T00:00:00+00:00 [running]> on host 8e814aeda5b8
[2025-10-07T04:30:03.395+0000] {taskinstance.py:2648} INFO - Exporting env vars: AIRFLOW_CTX_DAG_OWNER='***' AIRFLOW_CTX_DAG_ID='sms_spam_pipeline' AIRFLOW_CTX_TASK_ID='batch' AIRFLOW_CTX_EXECUTION_DATE='2025-10-06T00:00:00+00:00' AIRFLOW_CTX_TRY_NUMBER='1' AIRFLOW_CTX_DAG_RUN_ID='scheduled__2025-10-06T00:00:00+00:00'
[2025-10-07T04:30:03.396+0000] {taskinstance.py:430} INFO - ::endgroup::
[2025-10-07T04:30:03.413+0000] {subprocess.py:63} INFO - Tmp dir root location: /tmp
[2025-10-07T04:30:03.415+0000] {subprocess.py:75} INFO - Running command: ['/usr/bin/bash', '-c', 'python /opt/***/dags/src/batch_predict.py']
[2025-10-07T04:30:03.432+0000] {subprocess.py:86} INFO - Output:
[2025-10-07T04:30:05.227+0000] {subprocess.py:93} INFO - wrote /opt/***/dags/model/batch_scored.csv
[2025-10-07T04:30:05.437+0000] {subprocess.py:97} INFO - Command exited with return code 0
[2025-10-07T04:30:05.439+0000] {taskinstance.py:441} INFO - ::group::Post task execution logs
[2025-10-07T04:30:05.478+0000] {taskinstance.py:1206} INFO - Marking task as SUCCESS. dag_id=sms_spam_pipeline, task_id=batch, run_id=scheduled__2025-10-06T00:00:00+00:00, execution_date=20251006T000000, start_date=20251007T043003, end_date=20251007T043005
[2025-10-07T04:30:05.519+0000] {local_task_job_runner.py:240} INFO - Task exited with return code 0
[2025-10-07T04:30:05.545+0000] {taskinstance.py:3503} INFO - 0 downstream tasks scheduled from follow-on schedule check
[2025-10-07T04:30:05.548+0000] {local_task_job_runner.py:222} INFO - ::endgroup::
