[2025-10-07T04:29:40.649+0000] {local_task_job_runner.py:120} INFO - ::group::Pre task execution logs
[2025-10-07T04:29:40.709+0000] {taskinstance.py:2076} INFO - Dependencies all met for dep_context=non-requeueable deps ti=<TaskInstance: sms_spam_pipeline.download scheduled__2025-10-06T00:00:00+00:00 [queued]>
[2025-10-07T04:29:40.720+0000] {taskinstance.py:2076} INFO - Dependencies all met for dep_context=requeueable deps ti=<TaskInstance: sms_spam_pipeline.download scheduled__2025-10-06T00:00:00+00:00 [queued]>
[2025-10-07T04:29:40.721+0000] {taskinstance.py:2306} INFO - Starting attempt 1 of 1
[2025-10-07T04:29:40.736+0000] {taskinstance.py:2330} INFO - Executing <Task(BashOperator): download> on 2025-10-06 00:00:00+00:00
[2025-10-07T04:29:40.743+0000] {standard_task_runner.py:63} INFO - Started process 193 to run task
[2025-10-07T04:29:40.748+0000] {standard_task_runner.py:90} INFO - Running: ['***', 'tasks', 'run', 'sms_spam_pipeline', 'download', 'scheduled__2025-10-06T00:00:00+00:00', '--job-id', '3', '--raw', '--subdir', 'DAGS_FOLDER/***.py', '--cfg-path', '/tmp/tmpi3ny5vxq']
[2025-10-07T04:29:40.750+0000] {standard_task_runner.py:91} INFO - Job 3: Subtask download
[2025-10-07T04:29:40.822+0000] {task_command.py:426} INFO - Running <TaskInstance: sms_spam_pipeline.download scheduled__2025-10-06T00:00:00+00:00 [running]> on host 8e814aeda5b8
[2025-10-07T04:29:40.936+0000] {taskinstance.py:2648} INFO - Exporting env vars: AIRFLOW_CTX_DAG_OWNER='***' AIRFLOW_CTX_DAG_ID='sms_spam_pipeline' AIRFLOW_CTX_TASK_ID='download' AIRFLOW_CTX_EXECUTION_DATE='2025-10-06T00:00:00+00:00' AIRFLOW_CTX_TRY_NUMBER='1' AIRFLOW_CTX_DAG_RUN_ID='scheduled__2025-10-06T00:00:00+00:00'
[2025-10-07T04:29:40.937+0000] {taskinstance.py:430} INFO - ::endgroup::
[2025-10-07T04:29:40.979+0000] {subprocess.py:63} INFO - Tmp dir root location: /tmp
[2025-10-07T04:29:40.981+0000] {subprocess.py:75} INFO - Running command: ['/usr/bin/bash', '-c', 'python /opt/***/dags/src/download.py']
[2025-10-07T04:29:40.999+0000] {subprocess.py:86} INFO - Output:
[2025-10-07T04:29:49.703+0000] {subprocess.py:93} INFO - Downloading dataset...
[2025-10-07T04:29:49.704+0000] {subprocess.py:93} INFO - Status: 200
[2025-10-07T04:29:49.704+0000] {subprocess.py:93} INFO - Extracting SMSSpamCollection...
[2025-10-07T04:29:49.705+0000] {subprocess.py:93} INFO - Saved /opt/***/dags/data/file.csv, rows=5574
[2025-10-07T04:29:49.832+0000] {subprocess.py:97} INFO - Command exited with return code 0
[2025-10-07T04:29:49.834+0000] {taskinstance.py:441} INFO - ::group::Post task execution logs
[2025-10-07T04:29:49.874+0000] {taskinstance.py:1206} INFO - Marking task as SUCCESS. dag_id=sms_spam_pipeline, task_id=download, run_id=scheduled__2025-10-06T00:00:00+00:00, execution_date=20251006T000000, start_date=20251007T042940, end_date=20251007T042949
[2025-10-07T04:29:49.907+0000] {local_task_job_runner.py:240} INFO - Task exited with return code 0
[2025-10-07T04:29:49.942+0000] {taskinstance.py:3503} INFO - 1 downstream tasks scheduled from follow-on schedule check
[2025-10-07T04:29:49.945+0000] {local_task_job_runner.py:222} INFO - ::endgroup::
