[2025-10-07T04:34:59.663+0000] {local_task_job_runner.py:120} INFO - ::group::Pre task execution logs
[2025-10-07T04:34:59.709+0000] {taskinstance.py:2076} INFO - Dependencies all met for dep_context=non-requeueable deps ti=<TaskInstance: sms_spam_pipeline.prep manual__2025-10-07T04:34:45.003302+00:00 [queued]>
[2025-10-07T04:34:59.720+0000] {taskinstance.py:2076} INFO - Dependencies all met for dep_context=requeueable deps ti=<TaskInstance: sms_spam_pipeline.prep manual__2025-10-07T04:34:45.003302+00:00 [queued]>
[2025-10-07T04:34:59.721+0000] {taskinstance.py:2306} INFO - Starting attempt 1 of 1
[2025-10-07T04:34:59.736+0000] {taskinstance.py:2330} INFO - Executing <Task(BashOperator): prep> on 2025-10-07 04:34:45.003302+00:00
[2025-10-07T04:34:59.743+0000] {standard_task_runner.py:63} INFO - Started process 424 to run task
[2025-10-07T04:34:59.748+0000] {standard_task_runner.py:90} INFO - Running: ['***', 'tasks', 'run', 'sms_spam_pipeline', 'prep', 'manual__2025-10-07T04:34:45.003302+00:00', '--job-id', '9', '--raw', '--subdir', 'DAGS_FOLDER/***.py', '--cfg-path', '/tmp/tmph7glk1xm']
[2025-10-07T04:34:59.751+0000] {standard_task_runner.py:91} INFO - Job 9: Subtask prep
[2025-10-07T04:34:59.820+0000] {task_command.py:426} INFO - Running <TaskInstance: sms_spam_pipeline.prep manual__2025-10-07T04:34:45.003302+00:00 [running]> on host 8e814aeda5b8
[2025-10-07T04:34:59.938+0000] {taskinstance.py:2648} INFO - Exporting env vars: AIRFLOW_CTX_DAG_OWNER='***' AIRFLOW_CTX_DAG_ID='sms_spam_pipeline' AIRFLOW_CTX_TASK_ID='prep' AIRFLOW_CTX_EXECUTION_DATE='2025-10-07T04:34:45.003302+00:00' AIRFLOW_CTX_TRY_NUMBER='1' AIRFLOW_CTX_DAG_RUN_ID='manual__2025-10-07T04:34:45.003302+00:00'
[2025-10-07T04:34:59.940+0000] {taskinstance.py:430} INFO - ::endgroup::
[2025-10-07T04:34:59.958+0000] {subprocess.py:63} INFO - Tmp dir root location: /tmp
[2025-10-07T04:34:59.961+0000] {subprocess.py:75} INFO - Running command: ['/usr/bin/bash', '-c', 'python /opt/***/dags/src/prep.py']
[2025-10-07T04:34:59.983+0000] {subprocess.py:86} INFO - Output:
[2025-10-07T04:35:01.030+0000] {subprocess.py:93} INFO - saved /opt/***/dags/data/processed.parquet rows=5574
[2025-10-07T04:35:01.122+0000] {subprocess.py:97} INFO - Command exited with return code 0
[2025-10-07T04:35:01.124+0000] {taskinstance.py:441} INFO - ::group::Post task execution logs
[2025-10-07T04:35:01.157+0000] {taskinstance.py:1206} INFO - Marking task as SUCCESS. dag_id=sms_spam_pipeline, task_id=prep, run_id=manual__2025-10-07T04:34:45.003302+00:00, execution_date=20251007T043445, start_date=20251007T043459, end_date=20251007T043501
[2025-10-07T04:35:01.207+0000] {local_task_job_runner.py:240} INFO - Task exited with return code 0
[2025-10-07T04:35:01.237+0000] {taskinstance.py:3503} INFO - 0 downstream tasks scheduled from follow-on schedule check
[2025-10-07T04:35:01.239+0000] {local_task_job_runner.py:222} INFO - ::endgroup::
